<?xml version="1.0" encoding="UTF-8"?>
<!-- Generated by org.testng.reporters.JUnitReportReporter -->
<testsuite hostname="AT-VIE-HQ-L053" name="bwi.prog1B.WS1617.w16b052_Seyer.ExerciseSheet03.tests.ISBNTest" tests="6" failures="0" timestamp="10 Oct 2016 13:21:10 GMT" time="0.018" errors="0">
  <testcase name="testMain" time="0.001" classname="bwi.prog1B.WS1617.w16b052_Seyer.ExerciseSheet03.tests.ISBNTest"/>
  <testcase name="testMain" time="0.001" classname="bwi.prog1B.WS1617.w16b052_Seyer.ExerciseSheet03.tests.ISBNTest"/>
  <testcase name="testMain" time="0.001" classname="bwi.prog1B.WS1617.w16b052_Seyer.ExerciseSheet03.tests.ISBNTest"/>
  <testcase name="testMain" time="0.013" classname="bwi.prog1B.WS1617.w16b052_Seyer.ExerciseSheet03.tests.ISBNTest"/>
  <testcase name="testMain" time="0.001" classname="bwi.prog1B.WS1617.w16b052_Seyer.ExerciseSheet03.tests.ISBNTest"/>
  <testcase name="testMain" time="0.001" classname="bwi.prog1B.WS1617.w16b052_Seyer.ExerciseSheet03.tests.ISBNTest"/>
</testsuite> <!-- bwi.prog1B.WS1617.w16b052_Seyer.ExerciseSheet03.tests.ISBNTest -->
