<?xml version="1.0" encoding="UTF-8"?>
<!-- Generated by org.testng.reporters.JUnitReportReporter -->
<testsuite hostname="AT-VIE-HQ-L053" name="bwi.prog1B.WS1617.w16b052_Seyer.ExerciseSheet01.tests.EscapeCharactersTest" tests="1" failures="0" timestamp="22 Sep 2016 14:30:55 GMT" time="0.014" errors="0">
  <testcase name="testMain" time="0.014" classname="bwi.prog1B.WS1617.w16b052_Seyer.ExerciseSheet01.tests.EscapeCharactersTest"/>
</testsuite> <!-- bwi.prog1B.WS1617.w16b052_Seyer.ExerciseSheet01.tests.EscapeCharactersTest -->
