<?xml version="1.0" encoding="UTF-8"?>
<!-- Generated by org.testng.reporters.JUnitReportReporter -->
<testsuite hostname="AT-VIE-HQ-L053" name="bwi.prog1B.WS1617.w16b052_Seyer.ExerciseSheet02.tests.TowerOfPowerTest" tests="3" failures="0" timestamp="29 Sep 2016 12:12:31 GMT" time="0.017" errors="0">
  <testcase name="testMain" time="0.002" classname="bwi.prog1B.WS1617.w16b052_Seyer.ExerciseSheet02.tests.TowerOfPowerTest"/>
  <testcase name="testMain" time="0.013" classname="bwi.prog1B.WS1617.w16b052_Seyer.ExerciseSheet02.tests.TowerOfPowerTest"/>
  <testcase name="testMain" time="0.002" classname="bwi.prog1B.WS1617.w16b052_Seyer.ExerciseSheet02.tests.TowerOfPowerTest"/>
</testsuite> <!-- bwi.prog1B.WS1617.w16b052_Seyer.ExerciseSheet02.tests.TowerOfPowerTest -->
