<?xml version="1.0" encoding="UTF-8"?>
<!-- Generated by org.testng.reporters.JUnitReportReporter -->
<testsuite hostname="AT-VIE-HQ-L053" name="bwi.prog1B.WS1617.w16b052_Seyer.ExerciseSheet02.tests.DateFormatConverterTest" tests="5" failures="0" timestamp="29 Sep 2016 12:13:06 GMT" time="0.029" errors="0">
  <testcase name="testMain" time="0.001" classname="bwi.prog1B.WS1617.w16b052_Seyer.ExerciseSheet02.tests.DateFormatConverterTest"/>
  <testcase name="testMain" time="0.001" classname="bwi.prog1B.WS1617.w16b052_Seyer.ExerciseSheet02.tests.DateFormatConverterTest"/>
  <testcase name="testMain" time="0.024" classname="bwi.prog1B.WS1617.w16b052_Seyer.ExerciseSheet02.tests.DateFormatConverterTest"/>
  <testcase name="testMain" time="0.002" classname="bwi.prog1B.WS1617.w16b052_Seyer.ExerciseSheet02.tests.DateFormatConverterTest"/>
  <testcase name="testMain" time="0.001" classname="bwi.prog1B.WS1617.w16b052_Seyer.ExerciseSheet02.tests.DateFormatConverterTest"/>
</testsuite> <!-- bwi.prog1B.WS1617.w16b052_Seyer.ExerciseSheet02.tests.DateFormatConverterTest -->
