<?xml version="1.0" encoding="UTF-8"?>
<!-- Generated by org.testng.reporters.JUnitReportReporter -->
<testsuite hostname="AT-VIE-HQ-L053" name="bwi.prog1B.WS1617.w16b052_Seyer.ExerciseSheet00.tests.HelloWorldTest" tests="1" failures="0" timestamp="16 Sep 2016 11:43:48 GMT" time="0.022" errors="0">
  <testcase name="testMain" time="0.022" classname="bwi.prog1B.WS1617.w16b052_Seyer.ExerciseSheet00.tests.HelloWorldTest"/>
</testsuite> <!-- bwi.prog1B.WS1617.w16b052_Seyer.ExerciseSheet00.tests.HelloWorldTest -->
