<?xml version="1.0" encoding="UTF-8"?>
<!-- Generated by org.testng.reporters.JUnitReportReporter -->
<testsuite hostname="AT-VIE-HQ-L053" name="bwi.prog1B.WS1617.w16b052_Seyer.ExerciseSheet03.tests.BMITest" tests="16" failures="0" timestamp="7 Oct 2016 13:35:32 GMT" time="0.036" errors="0">
  <testcase name="testMain" time="0.001" classname="bwi.prog1B.WS1617.w16b052_Seyer.ExerciseSheet03.tests.BMITest"/>
  <testcase name="testMain" time="0.001" classname="bwi.prog1B.WS1617.w16b052_Seyer.ExerciseSheet03.tests.BMITest"/>
  <testcase name="testMain" time="0.001" classname="bwi.prog1B.WS1617.w16b052_Seyer.ExerciseSheet03.tests.BMITest"/>
  <testcase name="testMain" time="0.001" classname="bwi.prog1B.WS1617.w16b052_Seyer.ExerciseSheet03.tests.BMITest"/>
  <testcase name="testMain" time="0.013" classname="bwi.prog1B.WS1617.w16b052_Seyer.ExerciseSheet03.tests.BMITest"/>
  <testcase name="testMain" time="0.002" classname="bwi.prog1B.WS1617.w16b052_Seyer.ExerciseSheet03.tests.BMITest"/>
  <testcase name="testMain" time="0.001" classname="bwi.prog1B.WS1617.w16b052_Seyer.ExerciseSheet03.tests.BMITest"/>
  <testcase name="testMain" time="0.001" classname="bwi.prog1B.WS1617.w16b052_Seyer.ExerciseSheet03.tests.BMITest"/>
  <testcase name="testMain" time="0.001" classname="bwi.prog1B.WS1617.w16b052_Seyer.ExerciseSheet03.tests.BMITest"/>
  <testcase name="testMain" time="0.001" classname="bwi.prog1B.WS1617.w16b052_Seyer.ExerciseSheet03.tests.BMITest"/>
  <testcase name="testMain" time="0.002" classname="bwi.prog1B.WS1617.w16b052_Seyer.ExerciseSheet03.tests.BMITest"/>
  <testcase name="testMain" time="0.001" classname="bwi.prog1B.WS1617.w16b052_Seyer.ExerciseSheet03.tests.BMITest"/>
  <testcase name="testMain" time="0.001" classname="bwi.prog1B.WS1617.w16b052_Seyer.ExerciseSheet03.tests.BMITest"/>
  <testcase name="testMain" time="0.005" classname="bwi.prog1B.WS1617.w16b052_Seyer.ExerciseSheet03.tests.BMITest"/>
  <testcase name="testMain" time="0.002" classname="bwi.prog1B.WS1617.w16b052_Seyer.ExerciseSheet03.tests.BMITest"/>
  <testcase name="testMain" time="0.002" classname="bwi.prog1B.WS1617.w16b052_Seyer.ExerciseSheet03.tests.BMITest"/>
</testsuite> <!-- bwi.prog1B.WS1617.w16b052_Seyer.ExerciseSheet03.tests.BMITest -->
