<?xml version="1.0" encoding="UTF-8"?>
<!-- Generated by org.testng.reporters.JUnitReportReporter -->
<testsuite hostname="AT-VIE-HQ-L053" name="bwi.prog1B.WS1617.w16b052_Seyer.ExerciseSheet01.tests.SwapperTest" tests="2" failures="0" timestamp="22 Sep 2016 14:31:04 GMT" time="0.018" errors="0">
  <testcase name="testMain" time="0.005" classname="bwi.prog1B.WS1617.w16b052_Seyer.ExerciseSheet01.tests.SwapperTest"/>
  <testcase name="testMain" time="0.013" classname="bwi.prog1B.WS1617.w16b052_Seyer.ExerciseSheet01.tests.SwapperTest"/>
</testsuite> <!-- bwi.prog1B.WS1617.w16b052_Seyer.ExerciseSheet01.tests.SwapperTest -->
