<?xml version="1.0" encoding="UTF-8"?>
<!-- Generated by org.testng.reporters.JUnitReportReporter -->
<testsuite hostname="AT-VIE-HQ-L053" name="bwi.prog1B.WS1617.w16b052_Seyer.ExerciseSheet03.tests.WeekdaysTest" tests="23" failures="0" timestamp="11 Oct 2016 13:15:35 GMT" time="0.060" errors="0">
  <testcase name="testMain" time="0.000" classname="bwi.prog1B.WS1617.w16b052_Seyer.ExerciseSheet03.tests.WeekdaysTest"/>
  <testcase name="testMain" time="0.000" classname="bwi.prog1B.WS1617.w16b052_Seyer.ExerciseSheet03.tests.WeekdaysTest"/>
  <testcase name="testMain" time="0.000" classname="bwi.prog1B.WS1617.w16b052_Seyer.ExerciseSheet03.tests.WeekdaysTest"/>
  <testcase name="testMain" time="0.000" classname="bwi.prog1B.WS1617.w16b052_Seyer.ExerciseSheet03.tests.WeekdaysTest"/>
  <testcase name="testMain" time="0.010" classname="bwi.prog1B.WS1617.w16b052_Seyer.ExerciseSheet03.tests.WeekdaysTest"/>
  <testcase name="testMain" time="0.010" classname="bwi.prog1B.WS1617.w16b052_Seyer.ExerciseSheet03.tests.WeekdaysTest"/>
  <testcase name="testMain" time="0.000" classname="bwi.prog1B.WS1617.w16b052_Seyer.ExerciseSheet03.tests.WeekdaysTest"/>
  <testcase name="testMain" time="0.010" classname="bwi.prog1B.WS1617.w16b052_Seyer.ExerciseSheet03.tests.WeekdaysTest"/>
  <testcase name="testMain" time="0.000" classname="bwi.prog1B.WS1617.w16b052_Seyer.ExerciseSheet03.tests.WeekdaysTest"/>
  <testcase name="testMain" time="0.000" classname="bwi.prog1B.WS1617.w16b052_Seyer.ExerciseSheet03.tests.WeekdaysTest"/>
  <testcase name="testMain" time="0.010" classname="bwi.prog1B.WS1617.w16b052_Seyer.ExerciseSheet03.tests.WeekdaysTest"/>
  <testcase name="testMain" time="0.000" classname="bwi.prog1B.WS1617.w16b052_Seyer.ExerciseSheet03.tests.WeekdaysTest"/>
  <testcase name="testMain" time="0.000" classname="bwi.prog1B.WS1617.w16b052_Seyer.ExerciseSheet03.tests.WeekdaysTest"/>
  <testcase name="testMain" time="0.000" classname="bwi.prog1B.WS1617.w16b052_Seyer.ExerciseSheet03.tests.WeekdaysTest"/>
  <testcase name="testMain" time="0.000" classname="bwi.prog1B.WS1617.w16b052_Seyer.ExerciseSheet03.tests.WeekdaysTest"/>
  <testcase name="testMain" time="0.000" classname="bwi.prog1B.WS1617.w16b052_Seyer.ExerciseSheet03.tests.WeekdaysTest"/>
  <testcase name="testMain" time="0.000" classname="bwi.prog1B.WS1617.w16b052_Seyer.ExerciseSheet03.tests.WeekdaysTest"/>
  <testcase name="testMain" time="0.000" classname="bwi.prog1B.WS1617.w16b052_Seyer.ExerciseSheet03.tests.WeekdaysTest"/>
  <testcase name="testMain" time="0.000" classname="bwi.prog1B.WS1617.w16b052_Seyer.ExerciseSheet03.tests.WeekdaysTest"/>
  <testcase name="testMain" time="0.000" classname="bwi.prog1B.WS1617.w16b052_Seyer.ExerciseSheet03.tests.WeekdaysTest"/>
  <testcase name="testMain" time="0.010" classname="bwi.prog1B.WS1617.w16b052_Seyer.ExerciseSheet03.tests.WeekdaysTest"/>
  <testcase name="testMain" time="0.000" classname="bwi.prog1B.WS1617.w16b052_Seyer.ExerciseSheet03.tests.WeekdaysTest"/>
  <testcase name="testMain" time="0.010" classname="bwi.prog1B.WS1617.w16b052_Seyer.ExerciseSheet03.tests.WeekdaysTest"/>
</testsuite> <!-- bwi.prog1B.WS1617.w16b052_Seyer.ExerciseSheet03.tests.WeekdaysTest -->
