<?xml version="1.0" encoding="UTF-8"?>
<!-- Generated by org.testng.reporters.JUnitReportReporter -->
<testsuite hostname="AT-VIE-HQ-L053" name="bwi.prog1B.WS1617.w16b052_Seyer.ExerciseSheet02.tests.NeatMultTableTest" tests="5" failures="0" timestamp="29 Sep 2016 12:12:39 GMT" time="0.030" errors="0">
  <testcase name="testMain" time="0.001" classname="bwi.prog1B.WS1617.w16b052_Seyer.ExerciseSheet02.tests.NeatMultTableTest"/>
  <testcase name="testMain" time="0.003" classname="bwi.prog1B.WS1617.w16b052_Seyer.ExerciseSheet02.tests.NeatMultTableTest"/>
  <testcase name="testMain" time="0.016" classname="bwi.prog1B.WS1617.w16b052_Seyer.ExerciseSheet02.tests.NeatMultTableTest"/>
  <testcase name="testMain" time="0.003" classname="bwi.prog1B.WS1617.w16b052_Seyer.ExerciseSheet02.tests.NeatMultTableTest"/>
  <testcase name="testMain" time="0.007" classname="bwi.prog1B.WS1617.w16b052_Seyer.ExerciseSheet02.tests.NeatMultTableTest"/>
</testsuite> <!-- bwi.prog1B.WS1617.w16b052_Seyer.ExerciseSheet02.tests.NeatMultTableTest -->
